<?xml version="1.0" encoding="UTF-8"?>
<!-- Generated by org.testng.reporters.JUnitXMLReporter -->
<testsuite ignored="1" hostname="Santhu" failures="0" tests="2" name="Default test" time="220.186" errors="0" timestamp="2023-03-31T12:26:08 IST">
  <testcase classname="com.tms.testscripts.Test002" name="bookTour" time="208.255"/>
  <testcase classname="com.tms.testscripts.Test002" name="cancelBooking" time="7.617"/>
  <testcase classname="com.tms.testscripts.Test002" name="confirmBooking" time="0.0">
    <ignored/>
  </testcase> <!-- confirmBooking -->
</testsuite> <!-- Default test -->
