<?xml version="1.0" encoding="UTF-8"?>
<!-- Generated by org.testng.reporters.JUnitXMLReporter -->
<testsuite ignored="0" hostname="Santhu" failures="1" tests="5" name="Test" time="6.634" errors="0" timestamp="2023-03-29T10:30:02 IST">
  <testcase classname="com.tms.Practice.TC_001" name="TS_1" time="0.008"/>
  <testcase classname="com.tms.Practice.TC_001" name="TS_2" time="0.014">
    <skipped/>
  </testcase> <!-- TS_2 -->
  <testcase classname="com.tms.Practice.TC_001" name="TS_2" time="0.001">
    <skipped/>
  </testcase> <!-- TS_2 -->
  <testcase classname="com.tms.Practice.TC_001" name="TS_2" time="0.012">
    <skipped/>
  </testcase> <!-- TS_2 -->
  <testcase classname="com.tms.Practice.TC_001" name="TS_2" time="0.001">
    <failure type="java.lang.AssertionError" message="null">
      <![CDATA[java.lang.AssertionError: null
at com.tms.Practice.TC_001.TS_2(TC_001.java:22)
at java.base/java.util.ArrayList.forEach(ArrayList.java:1511)
... Removed 29 stack frames]]>
    </failure>
  </testcase> <!-- TS_2 -->
</testsuite> <!-- Test -->
